0 info it worked if it ends with ok
1 verbose cli [ '/Users/chris/.nvm/v0.10.40/bin/node',
1 verbose cli   '/Users/chris/.nvm/v0.10.40/bin/npm',
1 verbose cli   'run',
1 verbose cli   'lint' ]
2 info using npm@1.4.28
3 info using node@v0.10.40
4 verbose run-script [ 'prelint', 'lint', 'postlint' ]
5 info prelint eslint-config-shopify@2.0.0
6 info lint eslint-config-shopify@2.0.0
7 verbose unsafe-perm in lifecycle true
8 info eslint-config-shopify@2.0.0 Failed to exec lint script
9 error eslint-config-shopify@2.0.0 lint: `eslint .`
9 error Exit status 8
10 error Failed at the eslint-config-shopify@2.0.0 lint script.
10 error This is most likely a problem with the eslint-config-shopify package,
10 error not with npm itself.
10 error Tell the author that this fails on your system:
10 error     eslint .
10 error You can get their info via:
10 error     npm owner ls eslint-config-shopify
10 error There is likely additional logging output above.
11 error System Darwin 14.4.0
12 error command "/Users/chris/.nvm/v0.10.40/bin/node" "/Users/chris/.nvm/v0.10.40/bin/npm" "run" "lint"
13 error cwd /Users/chris/code/eslint-config-shopify
14 error node -v v0.10.40
15 error npm -v 1.4.28
16 error code ELIFECYCLE
17 verbose exit [ 1, true ]
